<?xml version="1.0" encoding="UTF-8"?>
<!-- Generated by org.testng.reporters.JUnitXMLReporter -->
<testsuite ignored="0" hostname="DESKTOP-KM1M7V7" failures="0" tests="10" name="Test1" time="105.564" errors="0" timestamp="2024-07-11T11:40:54 IST">
  <testcase classname="testNGBike.TVS" name="tvsBike" time="10.632"/>
  <testcase classname="testNGBike.Unicorn" name="unicornBike" time="3.265"/>
  <testcase classname="testNGBike.KTM" name="ktmBike" time="15.551"/>
  <testcase classname="testNGShoe.Adidas" name="adidasShoe" time="3.109"/>
  <testcase classname="testNGBike.Honda" name="hondaBike" time="19.664"/>
  <testcase classname="testNGShoe.Bata" name="bataShoe" time="10.951"/>
  <testcase classname="testNGBike.RoyalUnifield" name="riyalUnifieldBike" time="9.961"/>
  <testcase classname="testNGShoe.Sparks" name="sparksShoe" time="6.098"/>
  <testcase classname="testNGShoe.Reebok" name="reebokShoe" time="8.688"/>
  <testcase classname="testNGShoe.Puma" name="pumaShoe" time="17.558"/>
</testsuite> <!-- Test1 -->
