<?xml version="1.0" encoding="UTF-8"?>
<!-- Generated by org.testng.reporters.JUnitXMLReporter -->
<testsuite ignored="0" hostname="DESKTOP-KM1M7V7" failures="0" tests="10" name="Test2" time="94.351" errors="0" timestamp="2024-07-11T11:42:28 IST">
  <testcase classname="testNGBike.TVS" name="tvsBike" time="2.498"/>
  <testcase classname="testNGBike.Unicorn" name="unicornBike" time="3.25"/>
  <testcase classname="testNGBike.KTM" name="ktmBike" time="20.901"/>
  <testcase classname="testNGShoe.Adidas" name="adidasShoe" time="8.315"/>
  <testcase classname="testNGBike.Honda" name="hondaBike" time="4.202"/>
  <testcase classname="testNGShoe.Bata" name="bataShoe" time="8.855"/>
  <testcase classname="testNGBike.RoyalUnifield" name="riyalUnifieldBike" time="14.349"/>
  <testcase classname="testNGShoe.Sparks" name="sparksShoe" time="5.053"/>
  <testcase classname="testNGShoe.Reebok" name="reebokShoe" time="11.692"/>
  <testcase classname="testNGShoe.Puma" name="pumaShoe" time="15.188"/>
</testsuite> <!-- Test2 -->
